<?xml version="1.0" encoding="UTF-8"?>
<!-- Generated by org.testng.reporters.JUnitXMLReporter -->
<testsuite ignored="0" hostname="DESKTOP-F6IHSUC" failures="1" tests="2" name="Command line test" time="4.558" errors="0" timestamp="12 мая 2019 16:22:26 GMT">
  <testcase classname="MyTest" name="checkButtonPresent" time="4.532"/>
  <testcase classname="MyTest" name="checkDataTransfer" time="0.0">
    <failure type="org.testng.TestNGException" message="
Parameter &amp;apos;data&amp;apos; is required by @Test on method checkDataTransfer but has not been marked @Optional or defined
">
      <![CDATA[org.testng.TestNGException: 
Parameter 'data' is required by @Test on method checkDataTransfer but has not been marked @Optional or defined

... Removed 33 stack frames]]>
    </failure>
  </testcase> <!-- checkDataTransfer -->
</testsuite> <!-- Command line test -->
